<?xml version="1.0" encoding="UTF-8"?>
<!-- Generated by org.testng.reporters.JUnitXMLReporter -->
<testsuite hostname="XIPL9822" ignored="0" name="Surefire test" tests="6" failures="0" timestamp="2021-11-24T10:25:12 IST" time="0.051" errors="0">
  <testcase name="andriodApps" time="0.005" classname="TestProject.AppiumTest"/>
  <testcase name="iosApps" time="0.001" classname="TestProject.AppiumTest"/>
  <testcase name="getMethod" time="0.0" classname="TestProject.RestAPITest"/>
  <testcase name="putMethod" time="0.0" classname="TestProject.RestAPITest"/>
  <testcase name="chromeBrowser" time="0.0" classname="TestProject.SeleniumJavaTest"/>
  <testcase name="edgeBrowser" time="0.0" classname="TestProject.SeleniumJavaTest"/>
</testsuite> <!-- Surefire test -->
