<?xml version="1.0" encoding="UTF-8"?>
<!-- Generated by org.testng.reporters.JUnitXMLReporter -->
<testsuite hostname="XIPL9822" ignored="0" name="Test" tests="4" failures="0" timestamp="2021-11-24T10:42:16 IST" time="0.086" errors="0">
  <testcase name="chromeBrowser" time="0.008" classname="TestProject.SeleniumJavaTest"/>
  <testcase name="edgeBrowser" time="0.001" classname="TestProject.SeleniumJavaTest"/>
  <testcase name="andriodApps" time="0.001" classname="TestProject.AppiumTest"/>
  <testcase name="iosApps" time="0.0" classname="TestProject.AppiumTest"/>
</testsuite> <!-- Test -->
