<?xml version="1.0" encoding="UTF-8"?>
<testng-results skipped="0" failed="0" ignored="0" total="4" passed="4">
  <reporter-output>
  </reporter-output>
  <suite name="Suite" duration-ms="86" started-at="2021-11-24T10:42:16 IST" finished-at="2021-11-24T10:42:16 IST">
    <groups>
    </groups>
    <test name="Test" duration-ms="86" started-at="2021-11-24T10:42:16 IST" finished-at="2021-11-24T10:42:16 IST">
      <class name="TestProject.SeleniumJavaTest">
        <test-method status="PASS" signature="chromeBrowser()[pri:0, instance:TestProject.SeleniumJavaTest@1efed156]" name="chromeBrowser" duration-ms="8" started-at="2021-11-24T10:42:16 IST" finished-at="2021-11-24T10:42:16 IST">
          <reporter-output>
          </reporter-output>
        </test-method> <!-- chromeBrowser -->
        <test-method status="PASS" signature="edgeBrowser()[pri:0, instance:TestProject.SeleniumJavaTest@1efed156]" name="edgeBrowser" duration-ms="1" started-at="2021-11-24T10:42:16 IST" finished-at="2021-11-24T10:42:16 IST">
          <reporter-output>
          </reporter-output>
        </test-method> <!-- edgeBrowser -->
      </class> <!-- TestProject.SeleniumJavaTest -->
      <class name="TestProject.AppiumTest">
        <test-method status="PASS" signature="andriodApps()[pri:0, instance:TestProject.AppiumTest@7d0587f1]" name="andriodApps" duration-ms="1" started-at="2021-11-24T10:42:16 IST" finished-at="2021-11-24T10:42:16 IST">
          <reporter-output>
          </reporter-output>
        </test-method> <!-- andriodApps -->
        <test-method status="PASS" signature="iosApps()[pri:0, instance:TestProject.AppiumTest@7d0587f1]" name="iosApps" duration-ms="0" started-at="2021-11-24T10:42:16 IST" finished-at="2021-11-24T10:42:16 IST">
          <reporter-output>
          </reporter-output>
        </test-method> <!-- iosApps -->
      </class> <!-- TestProject.AppiumTest -->
    </test> <!-- Test -->
  </suite> <!-- Suite -->
</testng-results>
