<?xml version="1.0" encoding="UTF-8"?>
<testng-results ignored="0" total="1" passed="1" failed="0" skipped="0">
  <reporter-output>
  </reporter-output>
  <suite started-at="2021-12-14T13:55:40 IST" name="Default suite" finished-at="2021-12-14T13:55:53 IST" duration-ms="13699">
    <groups>
    </groups>
    <test started-at="2021-12-14T13:55:40 IST" name="Default test" finished-at="2021-12-14T13:55:53 IST" duration-ms="13699">
      <class name="TestProject.Loginapplication">
        <test-method signature="CreateNewUser()[pri:0, instance:TestProject.Loginapplication@67c33749]" started-at="2021-12-14T13:55:40 IST" name="CreateNewUser" finished-at="2021-12-14T13:55:53 IST" duration-ms="13669" status="PASS">
          <reporter-output>
          </reporter-output>
        </test-method> <!-- CreateNewUser -->
      </class> <!-- TestProject.Loginapplication -->
    </test> <!-- Default test -->
  </suite> <!-- Default suite -->
</testng-results>
